0 info it worked if it ends with ok
1 verbose cli [ '/usr/local/Cellar/node/7.7.1_1/bin/node',
1 verbose cli   '/usr/local/bin/npm',
1 verbose cli   'install',
1 verbose cli   '--save',
1 verbose cli   'chartjs-node',
1 verbose cli   '--save' ]
2 info using npm@4.1.2
3 info using node@v7.7.1
4 silly loadCurrentTree Starting
5 silly install loadCurrentTree
6 silly install readLocalPackageData
7 silly fetchPackageMetaData chartjs-node
8 silly fetchNamedPackageData chartjs-node
9 silly mapToRegistry name chartjs-node
10 silly mapToRegistry using default registry
11 silly mapToRegistry registry https://registry.npmjs.org/
12 silly mapToRegistry data Result {
12 silly mapToRegistry   raw: 'chartjs-node',
12 silly mapToRegistry   scope: null,
12 silly mapToRegistry   escapedName: 'chartjs-node',
12 silly mapToRegistry   name: 'chartjs-node',
12 silly mapToRegistry   rawSpec: '',
12 silly mapToRegistry   spec: 'latest',
12 silly mapToRegistry   type: 'tag' }
13 silly mapToRegistry uri https://registry.npmjs.org/chartjs-node
14 verbose request uri https://registry.npmjs.org/chartjs-node
15 verbose request no auth needed
16 info attempt registry request try #1 at 11:01:30 AM
17 verbose request id 5357a31472947a78
18 verbose etag W/"58a48c78-4294"
19 verbose lastModified Wed, 15 Feb 2017 17:14:32 GMT
20 http request GET https://registry.npmjs.org/chartjs-node
21 http 304 https://registry.npmjs.org/chartjs-node
22 verbose headers { date: 'Thu, 16 Mar 2017 15:01:30 GMT',
22 verbose headers   via: '1.1 varnish',
22 verbose headers   'cache-control': 'max-age=300',
22 verbose headers   etag: 'W/"58a48c78-4294"',
22 verbose headers   age: '29',
22 verbose headers   connection: 'keep-alive',
22 verbose headers   'x-served-by': 'cache-bos8234-BOS',
22 verbose headers   'x-cache': 'HIT',
22 verbose headers   'x-cache-hits': '1',
22 verbose headers   'x-timer': 'S1489676490.798053,VS0,VE0',
22 verbose headers   vary: 'Accept-Encoding' }
23 silly get cb [ 304,
23 silly get   { date: 'Thu, 16 Mar 2017 15:01:30 GMT',
23 silly get     via: '1.1 varnish',
23 silly get     'cache-control': 'max-age=300',
23 silly get     etag: 'W/"58a48c78-4294"',
23 silly get     age: '29',
23 silly get     connection: 'keep-alive',
23 silly get     'x-served-by': 'cache-bos8234-BOS',
23 silly get     'x-cache': 'HIT',
23 silly get     'x-cache-hits': '1',
23 silly get     'x-timer': 'S1489676490.798053,VS0,VE0',
23 silly get     vary: 'Accept-Encoding' } ]
24 verbose etag https://registry.npmjs.org/chartjs-node from cache
25 verbose get saving chartjs-node to /Users/cbuonocore/.npm/registry.npmjs.org/chartjs-node/.cache.json
26 verbose correctMkdir /Users/cbuonocore/.npm correctMkdir not in flight; initializing
27 silly install normalizeTree
28 silly loadCurrentTree Finishing
29 silly loadIdealTree Starting
30 silly install loadIdealTree
31 silly cloneCurrentTree Starting
32 silly install cloneCurrentTreeToIdealTree
33 silly cloneCurrentTree Finishing
34 silly loadShrinkwrap Starting
35 silly install loadShrinkwrap
36 silly loadShrinkwrap Finishing
37 silly loadAllDepsIntoIdealTree Starting
38 silly install loadAllDepsIntoIdealTree
39 silly resolveWithNewModule chartjs-node@1.4.1 checking installable status
40 silly cache add args [ 'chartjs-node', null ]
41 verbose cache add spec chartjs-node
42 silly cache add parsed spec Result {
42 silly cache add   raw: 'chartjs-node',
42 silly cache add   scope: null,
42 silly cache add   escapedName: 'chartjs-node',
42 silly cache add   name: 'chartjs-node',
42 silly cache add   rawSpec: '',
42 silly cache add   spec: 'latest',
42 silly cache add   type: 'tag' }
43 silly addNamed chartjs-node@latest
44 verbose addNamed "latest" is being treated as a dist-tag for chartjs-node
45 info addNameTag [ 'chartjs-node', 'latest' ]
46 silly mapToRegistry name chartjs-node
47 silly mapToRegistry using default registry
48 silly mapToRegistry registry https://registry.npmjs.org/
49 silly mapToRegistry data Result {
49 silly mapToRegistry   raw: 'chartjs-node',
49 silly mapToRegistry   scope: null,
49 silly mapToRegistry   escapedName: 'chartjs-node',
49 silly mapToRegistry   name: 'chartjs-node',
49 silly mapToRegistry   rawSpec: '',
49 silly mapToRegistry   spec: 'latest',
49 silly mapToRegistry   type: 'tag' }
50 silly mapToRegistry uri https://registry.npmjs.org/chartjs-node
51 verbose addNameTag registry:https://registry.npmjs.org/chartjs-node not in flight; fetching
52 verbose get https://registry.npmjs.org/chartjs-node not expired, no request
53 silly addNameTag next cb for chartjs-node with tag latest
54 silly addNamed chartjs-node@1.4.1
55 verbose addNamed "1.4.1" is a plain semver version for chartjs-node
56 silly cache afterAdd chartjs-node@1.4.1
57 verbose afterAdd /Users/cbuonocore/.npm/chartjs-node/1.4.1/package/package.json not in flight; writing
58 verbose correctMkdir /Users/cbuonocore/.npm correctMkdir not in flight; initializing
59 verbose afterAdd /Users/cbuonocore/.npm/chartjs-node/1.4.1/package/package.json written
60 silly fetchNamedPackageData canvas
61 silly mapToRegistry name canvas
62 silly mapToRegistry using default registry
63 silly mapToRegistry registry https://registry.npmjs.org/
64 silly mapToRegistry data Result {
64 silly mapToRegistry   raw: 'canvas',
64 silly mapToRegistry   scope: null,
64 silly mapToRegistry   escapedName: 'canvas',
64 silly mapToRegistry   name: 'canvas',
64 silly mapToRegistry   rawSpec: '',
64 silly mapToRegistry   spec: 'latest',
64 silly mapToRegistry   type: 'tag' }
65 silly mapToRegistry uri https://registry.npmjs.org/canvas
66 verbose request uri https://registry.npmjs.org/canvas
67 verbose request no auth needed
68 info attempt registry request try #1 at 11:01:30 AM
69 verbose etag W/"58b69947-1f4a7"
70 verbose lastModified Wed, 01 Mar 2017 09:49:59 GMT
71 http request GET https://registry.npmjs.org/canvas
72 http 304 https://registry.npmjs.org/canvas
73 verbose headers { date: 'Thu, 16 Mar 2017 15:01:30 GMT',
73 verbose headers   via: '1.1 varnish',
73 verbose headers   'cache-control': 'max-age=300',
73 verbose headers   etag: 'W/"58b69947-1f4a7"',
73 verbose headers   age: '29',
73 verbose headers   connection: 'keep-alive',
73 verbose headers   'x-served-by': 'cache-bos8234-BOS',
73 verbose headers   'x-cache': 'HIT',
73 verbose headers   'x-cache-hits': '1',
73 verbose headers   'x-timer': 'S1489676490.922120,VS0,VE0',
73 verbose headers   vary: 'Accept-Encoding' }
74 silly get cb [ 304,
74 silly get   { date: 'Thu, 16 Mar 2017 15:01:30 GMT',
74 silly get     via: '1.1 varnish',
74 silly get     'cache-control': 'max-age=300',
74 silly get     etag: 'W/"58b69947-1f4a7"',
74 silly get     age: '29',
74 silly get     connection: 'keep-alive',
74 silly get     'x-served-by': 'cache-bos8234-BOS',
74 silly get     'x-cache': 'HIT',
74 silly get     'x-cache-hits': '1',
74 silly get     'x-timer': 'S1489676490.922120,VS0,VE0',
74 silly get     vary: 'Accept-Encoding' } ]
75 verbose etag https://registry.npmjs.org/canvas from cache
76 verbose get saving canvas to /Users/cbuonocore/.npm/registry.npmjs.org/canvas/.cache.json
77 verbose correctMkdir /Users/cbuonocore/.npm correctMkdir not in flight; initializing
78 silly pickManifestFromRegistryMetadata spec >=1.6.0 <1.7.0 tag latest versions [ '0.0.1',
78 silly pickManifestFromRegistryMetadata   '0.0.2',
78 silly pickManifestFromRegistryMetadata   '0.0.3',
78 silly pickManifestFromRegistryMetadata   '0.0.4',
78 silly pickManifestFromRegistryMetadata   '0.0.5',
78 silly pickManifestFromRegistryMetadata   '0.0.6',
78 silly pickManifestFromRegistryMetadata   '0.0.7',
78 silly pickManifestFromRegistryMetadata   '0.0.8',
78 silly pickManifestFromRegistryMetadata   '0.1.0',
78 silly pickManifestFromRegistryMetadata   '0.2.0',
78 silly pickManifestFromRegistryMetadata   '0.2.1',
78 silly pickManifestFromRegistryMetadata   '0.3.0',
78 silly pickManifestFromRegistryMetadata   '0.3.1',
78 silly pickManifestFromRegistryMetadata   '0.3.2',
78 silly pickManifestFromRegistryMetadata   '0.3.3',
78 silly pickManifestFromRegistryMetadata   '0.4.0',
78 silly pickManifestFromRegistryMetadata   '0.4.1',
78 silly pickManifestFromRegistryMetadata   '0.4.2',
78 silly pickManifestFromRegistryMetadata   '0.4.3',
78 silly pickManifestFromRegistryMetadata   '0.5.0',
78 silly pickManifestFromRegistryMetadata   '0.5.1',
78 silly pickManifestFromRegistryMetadata   '0.5.2',
78 silly pickManifestFromRegistryMetadata   '0.5.3',
78 silly pickManifestFromRegistryMetadata   '0.5.4',
78 silly pickManifestFromRegistryMetadata   '0.6.0',
78 silly pickManifestFromRegistryMetadata   '0.7.0',
78 silly pickManifestFromRegistryMetadata   '0.7.1',
78 silly pickManifestFromRegistryMetadata   '0.7.2',
78 silly pickManifestFromRegistryMetadata   '0.7.3',
78 silly pickManifestFromRegistryMetadata   '0.8.0',
78 silly pickManifestFromRegistryMetadata   '0.8.1',
78 silly pickManifestFromRegistryMetadata   '0.8.2',
78 silly pickManifestFromRegistryMetadata   '0.8.3',
78 silly pickManifestFromRegistryMetadata   '0.9.0',
78 silly pickManifestFromRegistryMetadata   '0.10.0',
78 silly pickManifestFromRegistryMetadata   '0.10.1',
78 silly pickManifestFromRegistryMetadata   '0.10.2',
78 silly pickManifestFromRegistryMetadata   '0.10.3',
78 silly pickManifestFromRegistryMetadata   '0.11.0',
78 silly pickManifestFromRegistryMetadata   '0.11.1',
78 silly pickManifestFromRegistryMetadata   '0.11.2',
78 silly pickManifestFromRegistryMetadata   '0.11.3',
78 silly pickManifestFromRegistryMetadata   '0.12.0',
78 silly pickManifestFromRegistryMetadata   '0.12.1',
78 silly pickManifestFromRegistryMetadata   '0.13.0',
78 silly pickManifestFromRegistryMetadata   '0.13.1',
78 silly pickManifestFromRegistryMetadata   '1.0.0',
78 silly pickManifestFromRegistryMetadata   '1.0.1',
78 silly pickManifestFromRegistryMetadata   '1.0.2',
78 silly pickManifestFromRegistryMetadata   '1.0.3',
78 silly pickManifestFromRegistryMetadata   '1.0.4',
78 silly pickManifestFromRegistryMetadata   '1.1.0',
78 silly pickManifestFromRegistryMetadata   '1.1.1',
78 silly pickManifestFromRegistryMetadata   '1.1.2',
78 silly pickManifestFromRegistryMetadata   '1.1.3',
78 silly pickManifestFromRegistryMetadata   '1.1.4',
78 silly pickManifestFromRegistryMetadata   '1.1.5',
78 silly pickManifestFromRegistryMetadata   '1.1.6',
78 silly pickManifestFromRegistryMetadata   '1.2.0',
78 silly pickManifestFromRegistryMetadata   '1.2.1',
78 silly pickManifestFromRegistryMetadata   '1.2.2',
78 silly pickManifestFromRegistryMetadata   '1.2.3',
78 silly pickManifestFromRegistryMetadata   '1.2.4',
78 silly pickManifestFromRegistryMetadata   '1.2.5',
78 silly pickManifestFromRegistryMetadata   '1.2.6',
78 silly pickManifestFromRegistryMetadata   '1.2.7',
78 silly pickManifestFromRegistryMetadata   '1.2.8',
78 silly pickManifestFromRegistryMetadata   '1.2.9',
78 silly pickManifestFromRegistryMetadata   '1.2.10',
78 silly pickManifestFromRegistryMetadata   '1.2.11',
78 silly pickManifestFromRegistryMetadata   '1.3.0',
78 silly pickManifestFromRegistryMetadata   '1.3.1',
78 silly pickManifestFromRegistryMetadata   '1.3.2',
78 silly pickManifestFromRegistryMetadata   '1.3.3',
78 silly pickManifestFromRegistryMetadata   '1.3.4',
78 silly pickManifestFromRegistryMetadata   '1.3.5',
78 silly pickManifestFromRegistryMetadata   '1.3.6',
78 silly pickManifestFromRegistryMetadata   '1.3.7',
78 silly pickManifestFromRegistryMetadata   '1.3.8',
78 silly pickManifestFromRegistryMetadata   '1.3.9',
78 silly pickManifestFromRegistryMetadata   '1.3.10',
78 silly pickManifestFromRegistryMetadata   '1.3.11',
78 silly pickManifestFromRegistryMetadata   '1.3.12',
78 silly pickManifestFromRegistryMetadata   '1.3.13',
78 silly pickManifestFromRegistryMetadata   '1.3.14',
78 silly pickManifestFromRegistryMetadata   '1.3.15',
78 silly pickManifestFromRegistryMetadata   '1.3.16',
78 silly pickManifestFromRegistryMetadata   '1.4.0',
78 silly pickManifestFromRegistryMetadata   '1.5.0',
78 silly pickManifestFromRegistryMetadata   '1.6.0',
78 silly pickManifestFromRegistryMetadata   '1.6.1',
78 silly pickManifestFromRegistryMetadata   '1.6.2',
78 silly pickManifestFromRegistryMetadata   '1.6.3',
78 silly pickManifestFromRegistryMetadata   '1.6.4' ]
79 silly resolveWithNewModule canvas@1.6.4 checking installable status
80 silly cache add args [ 'canvas@1.6.*', null ]
81 verbose cache add spec canvas@1.6.*
82 silly cache add parsed spec Result {
82 silly cache add   raw: 'canvas@1.6.*',
82 silly cache add   scope: null,
82 silly cache add   escapedName: 'canvas',
82 silly cache add   name: 'canvas',
82 silly cache add   rawSpec: '1.6.*',
82 silly cache add   spec: '>=1.6.0 <1.7.0',
82 silly cache add   type: 'range' }
83 silly addNamed canvas@>=1.6.0 <1.7.0
84 verbose addNamed ">=1.6.0 <1.7.0" is a valid semver range for canvas
85 silly addNameRange { name: 'canvas', range: '>=1.6.0 <1.7.0', hasData: false }
86 silly mapToRegistry name canvas
87 silly mapToRegistry using default registry
88 silly mapToRegistry registry https://registry.npmjs.org/
89 silly mapToRegistry data Result {
89 silly mapToRegistry   raw: 'canvas',
89 silly mapToRegistry   scope: null,
89 silly mapToRegistry   escapedName: 'canvas',
89 silly mapToRegistry   name: 'canvas',
89 silly mapToRegistry   rawSpec: '',
89 silly mapToRegistry   spec: 'latest',
89 silly mapToRegistry   type: 'tag' }
90 silly mapToRegistry uri https://registry.npmjs.org/canvas
91 verbose addNameRange registry:https://registry.npmjs.org/canvas not in flight; fetching
92 verbose get https://registry.npmjs.org/canvas not expired, no request
93 silly addNameRange number 2 { name: 'canvas', range: '>=1.6.0 <1.7.0', hasData: true }
94 silly addNameRange versions [ 'canvas',
94 silly addNameRange   [ '0.0.1',
94 silly addNameRange     '0.0.2',
94 silly addNameRange     '0.0.3',
94 silly addNameRange     '0.0.4',
94 silly addNameRange     '0.0.5',
94 silly addNameRange     '0.0.6',
94 silly addNameRange     '0.0.7',
94 silly addNameRange     '0.0.8',
94 silly addNameRange     '0.1.0',
94 silly addNameRange     '0.2.0',
94 silly addNameRange     '0.2.1',
94 silly addNameRange     '0.3.0',
94 silly addNameRange     '0.3.1',
94 silly addNameRange     '0.3.2',
94 silly addNameRange     '0.3.3',
94 silly addNameRange     '0.4.0',
94 silly addNameRange     '0.4.1',
94 silly addNameRange     '0.4.2',
94 silly addNameRange     '0.4.3',
94 silly addNameRange     '0.5.0',
94 silly addNameRange     '0.5.1',
94 silly addNameRange     '0.5.2',
94 silly addNameRange     '0.5.3',
94 silly addNameRange     '0.5.4',
94 silly addNameRange     '0.6.0',
94 silly addNameRange     '0.7.0',
94 silly addNameRange     '0.7.1',
94 silly addNameRange     '0.7.2',
94 silly addNameRange     '0.7.3',
94 silly addNameRange     '0.8.0',
94 silly addNameRange     '0.8.1',
94 silly addNameRange     '0.8.2',
94 silly addNameRange     '0.8.3',
94 silly addNameRange     '0.9.0',
94 silly addNameRange     '0.10.0',
94 silly addNameRange     '0.10.1',
94 silly addNameRange     '0.10.2',
94 silly addNameRange     '0.10.3',
94 silly addNameRange     '0.11.0',
94 silly addNameRange     '0.11.1',
94 silly addNameRange     '0.11.2',
94 silly addNameRange     '0.11.3',
94 silly addNameRange     '0.12.0',
94 silly addNameRange     '0.12.1',
94 silly addNameRange     '0.13.0',
94 silly addNameRange     '0.13.1',
94 silly addNameRange     '1.0.0',
94 silly addNameRange     '1.0.1',
94 silly addNameRange     '1.0.2',
94 silly addNameRange     '1.0.3',
94 silly addNameRange     '1.0.4',
94 silly addNameRange     '1.1.0',
94 silly addNameRange     '1.1.1',
94 silly addNameRange     '1.1.2',
94 silly addNameRange     '1.1.3',
94 silly addNameRange     '1.1.4',
94 silly addNameRange     '1.1.5',
94 silly addNameRange     '1.1.6',
94 silly addNameRange     '1.2.0',
94 silly addNameRange     '1.2.1',
94 silly addNameRange     '1.2.2',
94 silly addNameRange     '1.2.3',
94 silly addNameRange     '1.2.4',
94 silly addNameRange     '1.2.5',
94 silly addNameRange     '1.2.6',
94 silly addNameRange     '1.2.7',
94 silly addNameRange     '1.2.8',
94 silly addNameRange     '1.2.9',
94 silly addNameRange     '1.2.10',
94 silly addNameRange     '1.2.11',
94 silly addNameRange     '1.3.0',
94 silly addNameRange     '1.3.1',
94 silly addNameRange     '1.3.2',
94 silly addNameRange     '1.3.3',
94 silly addNameRange     '1.3.4',
94 silly addNameRange     '1.3.5',
94 silly addNameRange     '1.3.6',
94 silly addNameRange     '1.3.7',
94 silly addNameRange     '1.3.8',
94 silly addNameRange     '1.3.9',
94 silly addNameRange     '1.3.10',
94 silly addNameRange     '1.3.11',
94 silly addNameRange     '1.3.12',
94 silly addNameRange     '1.3.13',
94 silly addNameRange     '1.3.14',
94 silly addNameRange     '1.3.15',
94 silly addNameRange     '1.3.16',
94 silly addNameRange     '1.4.0',
94 silly addNameRange     '1.5.0',
94 silly addNameRange     '1.6.0',
94 silly addNameRange     '1.6.1',
94 silly addNameRange     '1.6.2',
94 silly addNameRange     '1.6.3',
94 silly addNameRange     '1.6.4' ] ]
95 silly pickManifestFromRegistryMetadata spec >=1.6.0 <1.7.0 tag latest versions [ '0.0.1',
95 silly pickManifestFromRegistryMetadata   '0.0.2',
95 silly pickManifestFromRegistryMetadata   '0.0.3',
95 silly pickManifestFromRegistryMetadata   '0.0.4',
95 silly pickManifestFromRegistryMetadata   '0.0.5',
95 silly pickManifestFromRegistryMetadata   '0.0.6',
95 silly pickManifestFromRegistryMetadata   '0.0.7',
95 silly pickManifestFromRegistryMetadata   '0.0.8',
95 silly pickManifestFromRegistryMetadata   '0.1.0',
95 silly pickManifestFromRegistryMetadata   '0.2.0',
95 silly pickManifestFromRegistryMetadata   '0.2.1',
95 silly pickManifestFromRegistryMetadata   '0.3.0',
95 silly pickManifestFromRegistryMetadata   '0.3.1',
95 silly pickManifestFromRegistryMetadata   '0.3.2',
95 silly pickManifestFromRegistryMetadata   '0.3.3',
95 silly pickManifestFromRegistryMetadata   '0.4.0',
95 silly pickManifestFromRegistryMetadata   '0.4.1',
95 silly pickManifestFromRegistryMetadata   '0.4.2',
95 silly pickManifestFromRegistryMetadata   '0.4.3',
95 silly pickManifestFromRegistryMetadata   '0.5.0',
95 silly pickManifestFromRegistryMetadata   '0.5.1',
95 silly pickManifestFromRegistryMetadata   '0.5.2',
95 silly pickManifestFromRegistryMetadata   '0.5.3',
95 silly pickManifestFromRegistryMetadata   '0.5.4',
95 silly pickManifestFromRegistryMetadata   '0.6.0',
95 silly pickManifestFromRegistryMetadata   '0.7.0',
95 silly pickManifestFromRegistryMetadata   '0.7.1',
95 silly pickManifestFromRegistryMetadata   '0.7.2',
95 silly pickManifestFromRegistryMetadata   '0.7.3',
95 silly pickManifestFromRegistryMetadata   '0.8.0',
95 silly pickManifestFromRegistryMetadata   '0.8.1',
95 silly pickManifestFromRegistryMetadata   '0.8.2',
95 silly pickManifestFromRegistryMetadata   '0.8.3',
95 silly pickManifestFromRegistryMetadata   '0.9.0',
95 silly pickManifestFromRegistryMetadata   '0.10.0',
95 silly pickManifestFromRegistryMetadata   '0.10.1',
95 silly pickManifestFromRegistryMetadata   '0.10.2',
95 silly pickManifestFromRegistryMetadata   '0.10.3',
95 silly pickManifestFromRegistryMetadata   '0.11.0',
95 silly pickManifestFromRegistryMetadata   '0.11.1',
95 silly pickManifestFromRegistryMetadata   '0.11.2',
95 silly pickManifestFromRegistryMetadata   '0.11.3',
95 silly pickManifestFromRegistryMetadata   '0.12.0',
95 silly pickManifestFromRegistryMetadata   '0.12.1',
95 silly pickManifestFromRegistryMetadata   '0.13.0',
95 silly pickManifestFromRegistryMetadata   '0.13.1',
95 silly pickManifestFromRegistryMetadata   '1.0.0',
95 silly pickManifestFromRegistryMetadata   '1.0.1',
95 silly pickManifestFromRegistryMetadata   '1.0.2',
95 silly pickManifestFromRegistryMetadata   '1.0.3',
95 silly pickManifestFromRegistryMetadata   '1.0.4',
95 silly pickManifestFromRegistryMetadata   '1.1.0',
95 silly pickManifestFromRegistryMetadata   '1.1.1',
95 silly pickManifestFromRegistryMetadata   '1.1.2',
95 silly pickManifestFromRegistryMetadata   '1.1.3',
95 silly pickManifestFromRegistryMetadata   '1.1.4',
95 silly pickManifestFromRegistryMetadata   '1.1.5',
95 silly pickManifestFromRegistryMetadata   '1.1.6',
95 silly pickManifestFromRegistryMetadata   '1.2.0',
95 silly pickManifestFromRegistryMetadata   '1.2.1',
95 silly pickManifestFromRegistryMetadata   '1.2.2',
95 silly pickManifestFromRegistryMetadata   '1.2.3',
95 silly pickManifestFromRegistryMetadata   '1.2.4',
95 silly pickManifestFromRegistryMetadata   '1.2.5',
95 silly pickManifestFromRegistryMetadata   '1.2.6',
95 silly pickManifestFromRegistryMetadata   '1.2.7',
95 silly pickManifestFromRegistryMetadata   '1.2.8',
95 silly pickManifestFromRegistryMetadata   '1.2.9',
95 silly pickManifestFromRegistryMetadata   '1.2.10',
95 silly pickManifestFromRegistryMetadata   '1.2.11',
95 silly pickManifestFromRegistryMetadata   '1.3.0',
95 silly pickManifestFromRegistryMetadata   '1.3.1',
95 silly pickManifestFromRegistryMetadata   '1.3.2',
95 silly pickManifestFromRegistryMetadata   '1.3.3',
95 silly pickManifestFromRegistryMetadata   '1.3.4',
95 silly pickManifestFromRegistryMetadata   '1.3.5',
95 silly pickManifestFromRegistryMetadata   '1.3.6',
95 silly pickManifestFromRegistryMetadata   '1.3.7',
95 silly pickManifestFromRegistryMetadata   '1.3.8',
95 silly pickManifestFromRegistryMetadata   '1.3.9',
95 silly pickManifestFromRegistryMetadata   '1.3.10',
95 silly pickManifestFromRegistryMetadata   '1.3.11',
95 silly pickManifestFromRegistryMetadata   '1.3.12',
95 silly pickManifestFromRegistryMetadata   '1.3.13',
95 silly pickManifestFromRegistryMetadata   '1.3.14',
95 silly pickManifestFromRegistryMetadata   '1.3.15',
95 silly pickManifestFromRegistryMetadata   '1.3.16',
95 silly pickManifestFromRegistryMetadata   '1.4.0',
95 silly pickManifestFromRegistryMetadata   '1.5.0',
95 silly pickManifestFromRegistryMetadata   '1.6.0',
95 silly pickManifestFromRegistryMetadata   '1.6.1',
95 silly pickManifestFromRegistryMetadata   '1.6.2',
95 silly pickManifestFromRegistryMetadata   '1.6.3',
95 silly pickManifestFromRegistryMetadata   '1.6.4' ]
96 silly addNamed canvas@latest
97 verbose addNamed "latest" is being treated as a dist-tag for canvas
98 info addNameTag [ 'canvas', 'latest' ]
99 silly mapToRegistry name canvas
100 silly mapToRegistry using default registry
101 silly mapToRegistry registry https://registry.npmjs.org/
102 silly mapToRegistry data Result {
102 silly mapToRegistry   raw: 'canvas',
102 silly mapToRegistry   scope: null,
102 silly mapToRegistry   escapedName: 'canvas',
102 silly mapToRegistry   name: 'canvas',
102 silly mapToRegistry   rawSpec: '',
102 silly mapToRegistry   spec: 'latest',
102 silly mapToRegistry   type: 'tag' }
103 silly mapToRegistry uri https://registry.npmjs.org/canvas
104 verbose addNameTag registry:https://registry.npmjs.org/canvas already in flight; waiting
105 silly addNameTag next cb for canvas with tag latest
106 silly addNamed canvas@1.6.4
107 verbose addNamed "1.6.4" is a plain semver version for canvas
108 silly cache afterAdd canvas@1.6.4
109 verbose afterAdd /Users/cbuonocore/.npm/canvas/1.6.4/package/package.json not in flight; writing
110 verbose correctMkdir /Users/cbuonocore/.npm correctMkdir not in flight; initializing
111 verbose afterAdd /Users/cbuonocore/.npm/canvas/1.6.4/package/package.json written
112 silly fetchNamedPackageData nan
113 silly mapToRegistry name nan
114 silly mapToRegistry using default registry
115 silly mapToRegistry registry https://registry.npmjs.org/
116 silly mapToRegistry data Result {
116 silly mapToRegistry   raw: 'nan',
116 silly mapToRegistry   scope: null,
116 silly mapToRegistry   escapedName: 'nan',
116 silly mapToRegistry   name: 'nan',
116 silly mapToRegistry   rawSpec: '',
116 silly mapToRegistry   spec: 'latest',
116 silly mapToRegistry   type: 'tag' }
117 silly mapToRegistry uri https://registry.npmjs.org/nan
118 verbose request uri https://registry.npmjs.org/nan
119 verbose request no auth needed
120 info attempt registry request try #1 at 11:01:30 AM
121 verbose etag W/"58a44b6b-1df62"
122 verbose lastModified Wed, 15 Feb 2017 12:36:59 GMT
123 http request GET https://registry.npmjs.org/nan
124 http 304 https://registry.npmjs.org/nan
125 verbose headers { date: 'Thu, 16 Mar 2017 15:01:30 GMT',
125 verbose headers   via: '1.1 varnish',
125 verbose headers   'cache-control': 'max-age=300',
125 verbose headers   etag: 'W/"58a44b6b-1df62"',
125 verbose headers   age: '263',
125 verbose headers   connection: 'keep-alive',
125 verbose headers   'x-served-by': 'cache-bos8234-BOS',
125 verbose headers   'x-cache': 'HIT',
125 verbose headers   'x-cache-hits': '1',
125 verbose headers   'x-timer': 'S1489676490.961273,VS0,VE0',
125 verbose headers   vary: 'Accept-Encoding' }
126 silly get cb [ 304,
126 silly get   { date: 'Thu, 16 Mar 2017 15:01:30 GMT',
126 silly get     via: '1.1 varnish',
126 silly get     'cache-control': 'max-age=300',
126 silly get     etag: 'W/"58a44b6b-1df62"',
126 silly get     age: '263',
126 silly get     connection: 'keep-alive',
126 silly get     'x-served-by': 'cache-bos8234-BOS',
126 silly get     'x-cache': 'HIT',
126 silly get     'x-cache-hits': '1',
126 silly get     'x-timer': 'S1489676490.961273,VS0,VE0',
126 silly get     vary: 'Accept-Encoding' } ]
127 verbose etag https://registry.npmjs.org/nan from cache
128 verbose get saving nan to /Users/cbuonocore/.npm/registry.npmjs.org/nan/.cache.json
129 verbose correctMkdir /Users/cbuonocore/.npm correctMkdir not in flight; initializing
130 silly pickManifestFromRegistryMetadata spec >=2.4.0 <3.0.0 tag latest versions [ '0.3.0-wip',
130 silly pickManifestFromRegistryMetadata   '0.3.0-wip2',
130 silly pickManifestFromRegistryMetadata   '0.3.0',
130 silly pickManifestFromRegistryMetadata   '0.3.1',
130 silly pickManifestFromRegistryMetadata   '0.3.2',
130 silly pickManifestFromRegistryMetadata   '0.4.0',
130 silly pickManifestFromRegistryMetadata   '0.4.1',
130 silly pickManifestFromRegistryMetadata   '0.4.2',
130 silly pickManifestFromRegistryMetadata   '0.4.3',
130 silly pickManifestFromRegistryMetadata   '0.4.4',
130 silly pickManifestFromRegistryMetadata   '0.5.0',
130 silly pickManifestFromRegistryMetadata   '0.5.1',
130 silly pickManifestFromRegistryMetadata   '0.5.2',
130 silly pickManifestFromRegistryMetadata   '0.6.0',
130 silly pickManifestFromRegistryMetadata   '0.7.0',
130 silly pickManifestFromRegistryMetadata   '0.7.1',
130 silly pickManifestFromRegistryMetadata   '0.8.0',
130 silly pickManifestFromRegistryMetadata   '1.0.0',
130 silly pickManifestFromRegistryMetadata   '1.1.0',
130 silly pickManifestFromRegistryMetadata   '1.1.1',
130 silly pickManifestFromRegistryMetadata   '1.1.2',
130 silly pickManifestFromRegistryMetadata   '1.2.0',
130 silly pickManifestFromRegistryMetadata   '1.3.0',
130 silly pickManifestFromRegistryMetadata   '1.4.0',
130 silly pickManifestFromRegistryMetadata   '1.4.1',
130 silly pickManifestFromRegistryMetadata   '1.5.0',
130 silly pickManifestFromRegistryMetadata   '1.4.2',
130 silly pickManifestFromRegistryMetadata   '1.4.3',
130 silly pickManifestFromRegistryMetadata   '1.5.1',
130 silly pickManifestFromRegistryMetadata   '1.5.2',
130 silly pickManifestFromRegistryMetadata   '1.6.0',
130 silly pickManifestFromRegistryMetadata   '1.5.3',
130 silly pickManifestFromRegistryMetadata   '1.6.1',
130 silly pickManifestFromRegistryMetadata   '1.6.2',
130 silly pickManifestFromRegistryMetadata   '1.7.0',
130 silly pickManifestFromRegistryMetadata   '1.8.0',
130 silly pickManifestFromRegistryMetadata   '1.8.1',
130 silly pickManifestFromRegistryMetadata   '1.8.2',
130 silly pickManifestFromRegistryMetadata   '1.8.3',
130 silly pickManifestFromRegistryMetadata   '1.8.4',
130 silly pickManifestFromRegistryMetadata   '1.9.0',
130 silly pickManifestFromRegistryMetadata   '2.0.0',
130 silly pickManifestFromRegistryMetadata   '2.0.1',
130 silly pickManifestFromRegistryMetadata   '2.0.2',
130 silly pickManifestFromRegistryMetadata   '2.0.3',
130 silly pickManifestFromRegistryMetadata   '2.0.4',
130 silly pickManifestFromRegistryMetadata   '2.0.5',
130 silly pickManifestFromRegistryMetadata   '2.0.6',
130 silly pickManifestFromRegistryMetadata   '2.0.7',
130 silly pickManifestFromRegistryMetadata   '2.0.8',
130 silly pickManifestFromRegistryMetadata   '2.0.9',
130 silly pickManifestFromRegistryMetadata   '2.1.0',
130 silly pickManifestFromRegistryMetadata   '2.2.0',
130 silly pickManifestFromRegistryMetadata   '2.2.1',
130 silly pickManifestFromRegistryMetadata   '2.3.0',
130 silly pickManifestFromRegistryMetadata   '2.3.1',
130 silly pickManifestFromRegistryMetadata   '2.3.2',
130 silly pickManifestFromRegistryMetadata   '2.3.3',
130 silly pickManifestFromRegistryMetadata   '2.3.4',
130 silly pickManifestFromRegistryMetadata   '2.3.5',
130 silly pickManifestFromRegistryMetadata   '2.4.0',
130 silly pickManifestFromRegistryMetadata   '2.5.0',
130 silly pickManifestFromRegistryMetadata   '2.5.1' ]
131 silly resolveWithNewModule nan@2.5.1 checking installable status
132 silly cache add args [ 'nan@^2.4.0', null ]
133 verbose cache add spec nan@^2.4.0
134 silly cache add parsed spec Result {
134 silly cache add   raw: 'nan@^2.4.0',
134 silly cache add   scope: null,
134 silly cache add   escapedName: 'nan',
134 silly cache add   name: 'nan',
134 silly cache add   rawSpec: '^2.4.0',
134 silly cache add   spec: '>=2.4.0 <3.0.0',
134 silly cache add   type: 'range' }
135 silly addNamed nan@>=2.4.0 <3.0.0
136 verbose addNamed ">=2.4.0 <3.0.0" is a valid semver range for nan
137 silly addNameRange { name: 'nan', range: '>=2.4.0 <3.0.0', hasData: false }
138 silly mapToRegistry name nan
139 silly mapToRegistry using default registry
140 silly mapToRegistry registry https://registry.npmjs.org/
141 silly mapToRegistry data Result {
141 silly mapToRegistry   raw: 'nan',
141 silly mapToRegistry   scope: null,
141 silly mapToRegistry   escapedName: 'nan',
141 silly mapToRegistry   name: 'nan',
141 silly mapToRegistry   rawSpec: '',
141 silly mapToRegistry   spec: 'latest',
141 silly mapToRegistry   type: 'tag' }
142 silly mapToRegistry uri https://registry.npmjs.org/nan
143 verbose addNameRange registry:https://registry.npmjs.org/nan not in flight; fetching
144 verbose get https://registry.npmjs.org/nan not expired, no request
145 silly addNameRange number 2 { name: 'nan', range: '>=2.4.0 <3.0.0', hasData: true }
146 silly addNameRange versions [ 'nan',
146 silly addNameRange   [ '0.3.0-wip',
146 silly addNameRange     '0.3.0-wip2',
146 silly addNameRange     '0.3.0',
146 silly addNameRange     '0.3.1',
146 silly addNameRange     '0.3.2',
146 silly addNameRange     '0.4.0',
146 silly addNameRange     '0.4.1',
146 silly addNameRange     '0.4.2',
146 silly addNameRange     '0.4.3',
146 silly addNameRange     '0.4.4',
146 silly addNameRange     '0.5.0',
146 silly addNameRange     '0.5.1',
146 silly addNameRange     '0.5.2',
146 silly addNameRange     '0.6.0',
146 silly addNameRange     '0.7.0',
146 silly addNameRange     '0.7.1',
146 silly addNameRange     '0.8.0',
146 silly addNameRange     '1.0.0',
146 silly addNameRange     '1.1.0',
146 silly addNameRange     '1.1.1',
146 silly addNameRange     '1.1.2',
146 silly addNameRange     '1.2.0',
146 silly addNameRange     '1.3.0',
146 silly addNameRange     '1.4.0',
146 silly addNameRange     '1.4.1',
146 silly addNameRange     '1.5.0',
146 silly addNameRange     '1.4.2',
146 silly addNameRange     '1.4.3',
146 silly addNameRange     '1.5.1',
146 silly addNameRange     '1.5.2',
146 silly addNameRange     '1.6.0',
146 silly addNameRange     '1.5.3',
146 silly addNameRange     '1.6.1',
146 silly addNameRange     '1.6.2',
146 silly addNameRange     '1.7.0',
146 silly addNameRange     '1.8.0',
146 silly addNameRange     '1.8.1',
146 silly addNameRange     '1.8.2',
146 silly addNameRange     '1.8.3',
146 silly addNameRange     '1.8.4',
146 silly addNameRange     '1.9.0',
146 silly addNameRange     '2.0.0',
146 silly addNameRange     '2.0.1',
146 silly addNameRange     '2.0.2',
146 silly addNameRange     '2.0.3',
146 silly addNameRange     '2.0.4',
146 silly addNameRange     '2.0.5',
146 silly addNameRange     '2.0.6',
146 silly addNameRange     '2.0.7',
146 silly addNameRange     '2.0.8',
146 silly addNameRange     '2.0.9',
146 silly addNameRange     '2.1.0',
146 silly addNameRange     '2.2.0',
146 silly addNameRange     '2.2.1',
146 silly addNameRange     '2.3.0',
146 silly addNameRange     '2.3.1',
146 silly addNameRange     '2.3.2',
146 silly addNameRange     '2.3.3',
146 silly addNameRange     '2.3.4',
146 silly addNameRange     '2.3.5',
146 silly addNameRange     '2.4.0',
146 silly addNameRange     '2.5.0',
146 silly addNameRange     '2.5.1' ] ]
147 silly pickManifestFromRegistryMetadata spec >=2.4.0 <3.0.0 tag latest versions [ '0.3.0-wip',
147 silly pickManifestFromRegistryMetadata   '0.3.0-wip2',
147 silly pickManifestFromRegistryMetadata   '0.3.0',
147 silly pickManifestFromRegistryMetadata   '0.3.1',
147 silly pickManifestFromRegistryMetadata   '0.3.2',
147 silly pickManifestFromRegistryMetadata   '0.4.0',
147 silly pickManifestFromRegistryMetadata   '0.4.1',
147 silly pickManifestFromRegistryMetadata   '0.4.2',
147 silly pickManifestFromRegistryMetadata   '0.4.3',
147 silly pickManifestFromRegistryMetadata   '0.4.4',
147 silly pickManifestFromRegistryMetadata   '0.5.0',
147 silly pickManifestFromRegistryMetadata   '0.5.1',
147 silly pickManifestFromRegistryMetadata   '0.5.2',
147 silly pickManifestFromRegistryMetadata   '0.6.0',
147 silly pickManifestFromRegistryMetadata   '0.7.0',
147 silly pickManifestFromRegistryMetadata   '0.7.1',
147 silly pickManifestFromRegistryMetadata   '0.8.0',
147 silly pickManifestFromRegistryMetadata   '1.0.0',
147 silly pickManifestFromRegistryMetadata   '1.1.0',
147 silly pickManifestFromRegistryMetadata   '1.1.1',
147 silly pickManifestFromRegistryMetadata   '1.1.2',
147 silly pickManifestFromRegistryMetadata   '1.2.0',
147 silly pickManifestFromRegistryMetadata   '1.3.0',
147 silly pickManifestFromRegistryMetadata   '1.4.0',
147 silly pickManifestFromRegistryMetadata   '1.4.1',
147 silly pickManifestFromRegistryMetadata   '1.5.0',
147 silly pickManifestFromRegistryMetadata   '1.4.2',
147 silly pickManifestFromRegistryMetadata   '1.4.3',
147 silly pickManifestFromRegistryMetadata   '1.5.1',
147 silly pickManifestFromRegistryMetadata   '1.5.2',
147 silly pickManifestFromRegistryMetadata   '1.6.0',
147 silly pickManifestFromRegistryMetadata   '1.5.3',
147 silly pickManifestFromRegistryMetadata   '1.6.1',
147 silly pickManifestFromRegistryMetadata   '1.6.2',
147 silly pickManifestFromRegistryMetadata   '1.7.0',
147 silly pickManifestFromRegistryMetadata   '1.8.0',
147 silly pickManifestFromRegistryMetadata   '1.8.1',
147 silly pickManifestFromRegistryMetadata   '1.8.2',
147 silly pickManifestFromRegistryMetadata   '1.8.3',
147 silly pickManifestFromRegistryMetadata   '1.8.4',
147 silly pickManifestFromRegistryMetadata   '1.9.0',
147 silly pickManifestFromRegistryMetadata   '2.0.0',
147 silly pickManifestFromRegistryMetadata   '2.0.1',
147 silly pickManifestFromRegistryMetadata   '2.0.2',
147 silly pickManifestFromRegistryMetadata   '2.0.3',
147 silly pickManifestFromRegistryMetadata   '2.0.4',
147 silly pickManifestFromRegistryMetadata   '2.0.5',
147 silly pickManifestFromRegistryMetadata   '2.0.6',
147 silly pickManifestFromRegistryMetadata   '2.0.7',
147 silly pickManifestFromRegistryMetadata   '2.0.8',
147 silly pickManifestFromRegistryMetadata   '2.0.9',
147 silly pickManifestFromRegistryMetadata   '2.1.0',
147 silly pickManifestFromRegistryMetadata   '2.2.0',
147 silly pickManifestFromRegistryMetadata   '2.2.1',
147 silly pickManifestFromRegistryMetadata   '2.3.0',
147 silly pickManifestFromRegistryMetadata   '2.3.1',
147 silly pickManifestFromRegistryMetadata   '2.3.2',
147 silly pickManifestFromRegistryMetadata   '2.3.3',
147 silly pickManifestFromRegistryMetadata   '2.3.4',
147 silly pickManifestFromRegistryMetadata   '2.3.5',
147 silly pickManifestFromRegistryMetadata   '2.4.0',
147 silly pickManifestFromRegistryMetadata   '2.5.0',
147 silly pickManifestFromRegistryMetadata   '2.5.1' ]
148 silly addNamed nan@latest
149 verbose addNamed "latest" is being treated as a dist-tag for nan
150 info addNameTag [ 'nan', 'latest' ]
151 silly mapToRegistry name nan
152 silly mapToRegistry using default registry
153 silly mapToRegistry registry https://registry.npmjs.org/
154 silly mapToRegistry data Result {
154 silly mapToRegistry   raw: 'nan',
154 silly mapToRegistry   scope: null,
154 silly mapToRegistry   escapedName: 'nan',
154 silly mapToRegistry   name: 'nan',
154 silly mapToRegistry   rawSpec: '',
154 silly mapToRegistry   spec: 'latest',
154 silly mapToRegistry   type: 'tag' }
155 silly mapToRegistry uri https://registry.npmjs.org/nan
156 verbose addNameTag registry:https://registry.npmjs.org/nan already in flight; waiting
157 silly addNameTag next cb for nan with tag latest
158 silly addNamed nan@2.5.1
159 verbose addNamed "2.5.1" is a plain semver version for nan
160 silly cache afterAdd nan@2.5.1
161 verbose afterAdd /Users/cbuonocore/.npm/nan/2.5.1/package/package.json not in flight; writing
162 verbose correctMkdir /Users/cbuonocore/.npm correctMkdir not in flight; initializing
163 verbose afterAdd /Users/cbuonocore/.npm/nan/2.5.1/package/package.json written
164 silly loadAllDepsIntoIdealTree Finishing
165 silly loadIdealTree Finishing
166 silly currentTree toast-hack-1@1.0.0
166 silly currentTree ├── abab@1.0.3
166 silly currentTree ├── accepts@1.3.3
166 silly currentTree ├── acorn-globals@1.0.9
166 silly currentTree ├── acorn@2.7.0
166 silly currentTree ├── ajv@4.11.5
166 silly currentTree ├── amdefine@1.0.1
166 silly currentTree ├── array-equal@1.0.0
166 silly currentTree ├── array-flatten@1.1.1
166 silly currentTree ├── asn1@0.2.3
166 silly currentTree ├── assert-plus@0.2.0
166 silly currentTree ├── asynckit@0.4.0
166 silly currentTree ├── aws-sign2@0.6.0
166 silly currentTree ├── aws4@1.6.0
166 silly currentTree ├── bcrypt-pbkdf@1.0.1
166 silly currentTree ├── bluebird@3.5.0
166 silly currentTree ├── body-parser@1.17.1
166 silly currentTree ├── boom@2.10.1
166 silly currentTree ├── bytes@2.4.0
166 silly currentTree ├── caseless@0.12.0
166 silly currentTree ├── co@4.6.0
166 silly currentTree ├── combined-stream@1.0.5
166 silly currentTree ├── commander@2.9.0
166 silly currentTree ├── content-disposition@0.5.2
166 silly currentTree ├── content-type-parser@1.0.1
166 silly currentTree ├── content-type@1.0.2
166 silly currentTree ├── cookie-signature@1.0.6
166 silly currentTree ├── cookie@0.3.1
166 silly currentTree ├── cors@2.8.1
166 silly currentTree ├── cron-parser@1.1.0
166 silly currentTree ├── cryptiles@2.0.5
166 silly currentTree ├── cssom@0.3.2
166 silly currentTree ├── cssstyle@0.2.37
166 silly currentTree ├── d3-array@1.1.1
166 silly currentTree ├── d3-axis@1.0.6
166 silly currentTree ├── d3-brush@1.0.4
166 silly currentTree ├── d3-chord@1.0.4
166 silly currentTree ├── d3-collection@1.0.3
166 silly currentTree ├── d3-color@1.0.3
166 silly currentTree ├── d3-dispatch@1.0.3
166 silly currentTree ├── d3-drag@1.0.4
166 silly currentTree ├── d3-dsv@1.0.5
166 silly currentTree ├── d3-ease@1.0.3
166 silly currentTree ├── d3-force@1.0.6
166 silly currentTree ├── d3-format@1.1.1
166 silly currentTree ├── d3-geo@1.6.3
166 silly currentTree ├── d3-hierarchy@1.1.4
166 silly currentTree ├── d3-interpolate@1.1.4
166 silly currentTree ├── d3-path@1.0.5
166 silly currentTree ├── d3-polygon@1.0.3
166 silly currentTree ├── d3-quadtree@1.0.3
166 silly currentTree ├── d3-queue@3.0.5
166 silly currentTree ├── d3-random@1.0.3
166 silly currentTree ├── d3-request@1.0.5
166 silly currentTree ├── d3-scale@1.0.5
166 silly currentTree ├── d3-selection@1.0.5
166 silly currentTree ├── d3-shape@1.0.6
166 silly currentTree ├── d3-time-format@2.0.5
166 silly currentTree ├── d3-time@1.0.6
166 silly currentTree ├── d3-timer@1.0.5
166 silly currentTree ├── d3-transition@1.0.4
166 silly currentTree ├── d3-voronoi@1.1.2
166 silly currentTree ├── d3-zoom@1.1.3
166 silly currentTree ├── d3@4.7.3
166 silly currentTree ├─┬ dashdash@1.14.1
166 silly currentTree │ └── assert-plus@1.0.0
166 silly currentTree ├── debug@2.6.1
166 silly currentTree ├── deep-is@0.1.3
166 silly currentTree ├── delayed-stream@1.0.0
166 silly currentTree ├── depd@1.1.0
166 silly currentTree ├── destroy@1.0.4
166 silly currentTree ├── ecc-jsbn@0.1.1
166 silly currentTree ├── ee-first@1.1.1
166 silly currentTree ├── encodeurl@1.0.1
166 silly currentTree ├── escape-html@1.0.3
166 silly currentTree ├── escodegen@1.8.1
166 silly currentTree ├── esprima@2.7.3
166 silly currentTree ├── estraverse@1.9.3
166 silly currentTree ├── esutils@2.0.2
166 silly currentTree ├── etag@1.8.0
166 silly currentTree ├── express@4.15.2
166 silly currentTree ├── extend@3.0.0
166 silly currentTree ├── extsprintf@1.0.2
166 silly currentTree ├── fast-levenshtein@2.0.6
166 silly currentTree ├── finalhandler@1.0.0
166 silly currentTree ├── forever-agent@0.6.1
166 silly currentTree ├── form-data@2.1.2
166 silly currentTree ├── forwarded@0.1.0
166 silly currentTree ├── fresh@0.5.0
166 silly currentTree ├─┬ getpass@0.1.6
166 silly currentTree │ └── assert-plus@1.0.0
166 silly currentTree ├── graceful-readlink@1.0.1
166 silly currentTree ├── har-schema@1.0.5
166 silly currentTree ├── har-validator@4.2.1
166 silly currentTree ├── hawk@3.1.3
166 silly currentTree ├── hoek@2.16.3
166 silly currentTree ├── html-encoding-sniffer@1.0.1
166 silly currentTree ├── http-errors@1.6.1
166 silly currentTree ├── http-signature@1.1.1
166 silly currentTree ├── iconv-lite@0.4.15
166 silly currentTree ├── inherits@2.0.3
166 silly currentTree ├── ipaddr.js@1.2.0
166 silly currentTree ├── is-typedarray@1.0.0
166 silly currentTree ├── isstream@0.1.2
166 silly currentTree ├── jodid25519@1.0.2
166 silly currentTree ├── jsbn@0.1.1
166 silly currentTree ├── jsdom@9.8.3
166 silly currentTree ├── json-schema@0.2.3
166 silly currentTree ├── json-stable-stringify@1.0.1
166 silly currentTree ├── json-stringify-safe@5.0.1
166 silly currentTree ├── jsonify@0.0.0
166 silly currentTree ├─┬ jsprim@1.4.0
166 silly currentTree │ └── assert-plus@1.0.0
166 silly currentTree ├── levn@0.3.0
166 silly currentTree ├── lodash@4.17.4
166 silly currentTree ├── long-timeout@0.1.1
166 silly currentTree ├── media-typer@0.3.0
166 silly currentTree ├── merge-descriptors@1.0.1
166 silly currentTree ├── methods@1.1.2
166 silly currentTree ├── mime-db@1.26.0
166 silly currentTree ├── mime-types@2.1.14
166 silly currentTree ├── mime@1.3.4
166 silly currentTree ├── ms@0.7.2
166 silly currentTree ├── negotiator@0.6.1
166 silly currentTree ├── node-schedule@1.2.1
166 silly currentTree ├── nodemailer@3.1.7
166 silly currentTree ├── nwmatcher@1.3.9
166 silly currentTree ├── oauth-sign@0.8.2
166 silly currentTree ├── on-finished@2.3.0
166 silly currentTree ├── optionator@0.8.2
166 silly currentTree ├── parse5@1.5.1
166 silly currentTree ├── parseurl@1.3.1
166 silly currentTree ├── path-to-regexp@0.1.7
166 silly currentTree ├── performance-now@0.2.0
166 silly currentTree ├── prelude-ls@1.1.2
166 silly currentTree ├── proxy-addr@1.1.3
166 silly currentTree ├── punycode@1.4.1
166 silly currentTree ├── qs@6.4.0
166 silly currentTree ├── range-parser@1.2.0
166 silly currentTree ├── raw-body@2.2.0
166 silly currentTree ├── request-promise-core@1.1.1
166 silly currentTree ├── request-promise@4.1.1
166 silly currentTree ├── request@2.81.0
166 silly currentTree ├── rw@1.3.3
166 silly currentTree ├── safe-buffer@5.0.1
166 silly currentTree ├── sax@1.2.2
166 silly currentTree ├── send@0.15.1
166 silly currentTree ├── serve-static@1.12.1
166 silly currentTree ├── setprototypeof@1.0.3
166 silly currentTree ├── sntp@1.0.9
166 silly currentTree ├── sorted-array-functions@1.0.0
166 silly currentTree ├── source-map@0.2.0
166 silly currentTree ├─┬ sshpk@1.11.0
166 silly currentTree │ └── assert-plus@1.0.0
166 silly currentTree ├── statuses@1.3.1
166 silly currentTree ├── stealthy-require@1.0.0
166 silly currentTree ├── stream-buffers@3.0.1
166 silly currentTree ├── stringstream@0.0.5
166 silly currentTree ├── symbol-tree@3.2.2
166 silly currentTree ├── tough-cookie@2.3.2
166 silly currentTree ├── tr46@0.0.3
166 silly currentTree ├── tunnel-agent@0.6.0
166 silly currentTree ├── tweetnacl@0.14.5
166 silly currentTree ├── type-check@0.3.2
166 silly currentTree ├── type-is@1.6.14
166 silly currentTree ├── unpipe@1.0.0
166 silly currentTree ├─┬ util@0.10.3
166 silly currentTree │ └── inherits@2.0.1
166 silly currentTree ├── utils-merge@1.0.0
166 silly currentTree ├── uuid@3.0.1
166 silly currentTree ├── vary@1.1.0
166 silly currentTree ├── verror@1.3.6
166 silly currentTree ├── webidl-conversions@3.0.1
166 silly currentTree ├─┬ whatwg-encoding@1.0.1
166 silly currentTree │ └── iconv-lite@0.4.13
166 silly currentTree ├── whatwg-url@3.1.0
166 silly currentTree ├── wordwrap@1.0.0
166 silly currentTree ├── xml-name-validator@2.0.1
166 silly currentTree └── xmlhttprequest@1.8.0
167 silly idealTree toast-hack-1@1.0.0
167 silly idealTree ├── abab@1.0.3
167 silly idealTree ├── accepts@1.3.3
167 silly idealTree ├── acorn-globals@1.0.9
167 silly idealTree ├── acorn@2.7.0
167 silly idealTree ├── ajv@4.11.5
167 silly idealTree ├── amdefine@1.0.1
167 silly idealTree ├── array-equal@1.0.0
167 silly idealTree ├── array-flatten@1.1.1
167 silly idealTree ├── asn1@0.2.3
167 silly idealTree ├── assert-plus@0.2.0
167 silly idealTree ├── asynckit@0.4.0
167 silly idealTree ├── aws-sign2@0.6.0
167 silly idealTree ├── aws4@1.6.0
167 silly idealTree ├── bcrypt-pbkdf@1.0.1
167 silly idealTree ├── bluebird@3.5.0
167 silly idealTree ├── body-parser@1.17.1
167 silly idealTree ├── boom@2.10.1
167 silly idealTree ├── bytes@2.4.0
167 silly idealTree ├── canvas@1.6.4
167 silly idealTree ├── caseless@0.12.0
167 silly idealTree ├── chartjs-node@1.4.1
167 silly idealTree ├── co@4.6.0
167 silly idealTree ├── combined-stream@1.0.5
167 silly idealTree ├── commander@2.9.0
167 silly idealTree ├── content-disposition@0.5.2
167 silly idealTree ├── content-type-parser@1.0.1
167 silly idealTree ├── content-type@1.0.2
167 silly idealTree ├── cookie-signature@1.0.6
167 silly idealTree ├── cookie@0.3.1
167 silly idealTree ├── cors@2.8.1
167 silly idealTree ├── cron-parser@1.1.0
167 silly idealTree ├── cryptiles@2.0.5
167 silly idealTree ├── cssom@0.3.2
167 silly idealTree ├── cssstyle@0.2.37
167 silly idealTree ├── d3-array@1.1.1
167 silly idealTree ├── d3-axis@1.0.6
167 silly idealTree ├── d3-brush@1.0.4
167 silly idealTree ├── d3-chord@1.0.4
167 silly idealTree ├── d3-collection@1.0.3
167 silly idealTree ├── d3-color@1.0.3
167 silly idealTree ├── d3-dispatch@1.0.3
167 silly idealTree ├── d3-drag@1.0.4
167 silly idealTree ├── d3-dsv@1.0.5
167 silly idealTree ├── d3-ease@1.0.3
167 silly idealTree ├── d3-force@1.0.6
167 silly idealTree ├── d3-format@1.1.1
167 silly idealTree ├── d3-geo@1.6.3
167 silly idealTree ├── d3-hierarchy@1.1.4
167 silly idealTree ├── d3-interpolate@1.1.4
167 silly idealTree ├── d3-path@1.0.5
167 silly idealTree ├── d3-polygon@1.0.3
167 silly idealTree ├── d3-quadtree@1.0.3
167 silly idealTree ├── d3-queue@3.0.5
167 silly idealTree ├── d3-random@1.0.3
167 silly idealTree ├── d3-request@1.0.5
167 silly idealTree ├── d3-scale@1.0.5
167 silly idealTree ├── d3-selection@1.0.5
167 silly idealTree ├── d3-shape@1.0.6
167 silly idealTree ├── d3-time-format@2.0.5
167 silly idealTree ├── d3-time@1.0.6
167 silly idealTree ├── d3-timer@1.0.5
167 silly idealTree ├── d3-transition@1.0.4
167 silly idealTree ├── d3-voronoi@1.1.2
167 silly idealTree ├── d3-zoom@1.1.3
167 silly idealTree ├── d3@4.7.3
167 silly idealTree ├─┬ dashdash@1.14.1
167 silly idealTree │ └── assert-plus@1.0.0
167 silly idealTree ├── debug@2.6.1
167 silly idealTree ├── deep-is@0.1.3
167 silly idealTree ├── delayed-stream@1.0.0
167 silly idealTree ├── depd@1.1.0
167 silly idealTree ├── destroy@1.0.4
167 silly idealTree ├── ecc-jsbn@0.1.1
167 silly idealTree ├── ee-first@1.1.1
167 silly idealTree ├── encodeurl@1.0.1
167 silly idealTree ├── escape-html@1.0.3
167 silly idealTree ├── escodegen@1.8.1
167 silly idealTree ├── esprima@2.7.3
167 silly idealTree ├── estraverse@1.9.3
167 silly idealTree ├── esutils@2.0.2
167 silly idealTree ├── etag@1.8.0
167 silly idealTree ├── express@4.15.2
167 silly idealTree ├── extend@3.0.0
167 silly idealTree ├── extsprintf@1.0.2
167 silly idealTree ├── fast-levenshtein@2.0.6
167 silly idealTree ├── finalhandler@1.0.0
167 silly idealTree ├── forever-agent@0.6.1
167 silly idealTree ├── form-data@2.1.2
167 silly idealTree ├── forwarded@0.1.0
167 silly idealTree ├── fresh@0.5.0
167 silly idealTree ├─┬ getpass@0.1.6
167 silly idealTree │ └── assert-plus@1.0.0
167 silly idealTree ├── graceful-readlink@1.0.1
167 silly idealTree ├── har-schema@1.0.5
167 silly idealTree ├── har-validator@4.2.1
167 silly idealTree ├── hawk@3.1.3
167 silly idealTree ├── hoek@2.16.3
167 silly idealTree ├── html-encoding-sniffer@1.0.1
167 silly idealTree ├── http-errors@1.6.1
167 silly idealTree ├── http-signature@1.1.1
167 silly idealTree ├── iconv-lite@0.4.15
167 silly idealTree ├── inherits@2.0.3
167 silly idealTree ├── ipaddr.js@1.2.0
167 silly idealTree ├── is-typedarray@1.0.0
167 silly idealTree ├── isstream@0.1.2
167 silly idealTree ├── jodid25519@1.0.2
167 silly idealTree ├── jsbn@0.1.1
167 silly idealTree ├── jsdom@9.8.3
167 silly idealTree ├── json-schema@0.2.3
167 silly idealTree ├── json-stable-stringify@1.0.1
167 silly idealTree ├── json-stringify-safe@5.0.1
167 silly idealTree ├── jsonify@0.0.0
167 silly idealTree ├─┬ jsprim@1.4.0
167 silly idealTree │ └── assert-plus@1.0.0
167 silly idealTree ├── levn@0.3.0
167 silly idealTree ├── lodash@4.17.4
167 silly idealTree ├── long-timeout@0.1.1
167 silly idealTree ├── media-typer@0.3.0
167 silly idealTree ├── merge-descriptors@1.0.1
167 silly idealTree ├── methods@1.1.2
167 silly idealTree ├── mime-db@1.26.0
167 silly idealTree ├── mime-types@2.1.14
167 silly idealTree ├── mime@1.3.4
167 silly idealTree ├── ms@0.7.2
167 silly idealTree ├── nan@2.5.1
167 silly idealTree ├── negotiator@0.6.1
167 silly idealTree ├── node-schedule@1.2.1
167 silly idealTree ├── nodemailer@3.1.7
167 silly idealTree ├── nwmatcher@1.3.9
167 silly idealTree ├── oauth-sign@0.8.2
167 silly idealTree ├── on-finished@2.3.0
167 silly idealTree ├── optionator@0.8.2
167 silly idealTree ├── parse5@1.5.1
167 silly idealTree ├── parseurl@1.3.1
167 silly idealTree ├── path-to-regexp@0.1.7
167 silly idealTree ├── performance-now@0.2.0
167 silly idealTree ├── prelude-ls@1.1.2
167 silly idealTree ├── proxy-addr@1.1.3
167 silly idealTree ├── punycode@1.4.1
167 silly idealTree ├── qs@6.4.0
167 silly idealTree ├── range-parser@1.2.0
167 silly idealTree ├── raw-body@2.2.0
167 silly idealTree ├── request-promise-core@1.1.1
167 silly idealTree ├── request-promise@4.1.1
167 silly idealTree ├── request@2.81.0
167 silly idealTree ├── rw@1.3.3
167 silly idealTree ├── safe-buffer@5.0.1
167 silly idealTree ├── sax@1.2.2
167 silly idealTree ├── send@0.15.1
167 silly idealTree ├── serve-static@1.12.1
167 silly idealTree ├── setprototypeof@1.0.3
167 silly idealTree ├── sntp@1.0.9
167 silly idealTree ├── sorted-array-functions@1.0.0
167 silly idealTree ├── source-map@0.2.0
167 silly idealTree ├─┬ sshpk@1.11.0
167 silly idealTree │ └── assert-plus@1.0.0
167 silly idealTree ├── statuses@1.3.1
167 silly idealTree ├── stealthy-require@1.0.0
167 silly idealTree ├── stream-buffers@3.0.1
167 silly idealTree ├── stringstream@0.0.5
167 silly idealTree ├── symbol-tree@3.2.2
167 silly idealTree ├── tough-cookie@2.3.2
167 silly idealTree ├── tr46@0.0.3
167 silly idealTree ├── tunnel-agent@0.6.0
167 silly idealTree ├── tweetnacl@0.14.5
167 silly idealTree ├── type-check@0.3.2
167 silly idealTree ├── type-is@1.6.14
167 silly idealTree ├── unpipe@1.0.0
167 silly idealTree ├─┬ util@0.10.3
167 silly idealTree │ └── inherits@2.0.1
167 silly idealTree ├── utils-merge@1.0.0
167 silly idealTree ├── uuid@3.0.1
167 silly idealTree ├── vary@1.1.0
167 silly idealTree ├── verror@1.3.6
167 silly idealTree ├── webidl-conversions@3.0.1
167 silly idealTree ├─┬ whatwg-encoding@1.0.1
167 silly idealTree │ └── iconv-lite@0.4.13
167 silly idealTree ├── whatwg-url@3.1.0
167 silly idealTree ├── wordwrap@1.0.0
167 silly idealTree ├── xml-name-validator@2.0.1
167 silly idealTree └── xmlhttprequest@1.8.0
168 silly generateActionsToTake Starting
169 silly install generateActionsToTake
170 silly generateActionsToTake Finishing
171 silly diffTrees action count 3
172 silly diffTrees add nan@2.5.1
173 silly diffTrees add canvas@1.6.4
174 silly diffTrees add chartjs-node@1.4.1
175 silly decomposeActions action count 24
176 silly decomposeActions fetch nan@2.5.1
177 silly decomposeActions extract nan@2.5.1
178 silly decomposeActions test nan@2.5.1
179 silly decomposeActions preinstall nan@2.5.1
180 silly decomposeActions build nan@2.5.1
181 silly decomposeActions install nan@2.5.1
182 silly decomposeActions postinstall nan@2.5.1
183 silly decomposeActions finalize nan@2.5.1
184 silly decomposeActions fetch canvas@1.6.4
185 silly decomposeActions extract canvas@1.6.4
186 silly decomposeActions test canvas@1.6.4
187 silly decomposeActions preinstall canvas@1.6.4
188 silly decomposeActions build canvas@1.6.4
189 silly decomposeActions install canvas@1.6.4
190 silly decomposeActions postinstall canvas@1.6.4
191 silly decomposeActions finalize canvas@1.6.4
192 silly decomposeActions fetch chartjs-node@1.4.1
193 silly decomposeActions extract chartjs-node@1.4.1
194 silly decomposeActions test chartjs-node@1.4.1
195 silly decomposeActions preinstall chartjs-node@1.4.1
196 silly decomposeActions build chartjs-node@1.4.1
197 silly decomposeActions install chartjs-node@1.4.1
198 silly decomposeActions postinstall chartjs-node@1.4.1
199 silly decomposeActions finalize chartjs-node@1.4.1
200 silly runTopLevelLifecycles Starting
201 silly executeActions Starting
202 silly install executeActions
203 silly doSerial global-install 0
204 silly doParallel fetch 3
205 verbose correctMkdir /Users/cbuonocore/.npm/_locks correctMkdir not in flight; initializing
206 verbose lock using /Users/cbuonocore/.npm/_locks/staging-eaa22957c0501d4b.lock for /Users/cbuonocore/toast/hackathon-api-preorder/node_modules/.staging
207 silly doParallel extract 3
208 silly extract nan@2.5.1
209 silly extract canvas@1.6.4
210 silly extract chartjs-node@1.4.1
211 verbose unbuild node_modules/.staging/nan-3fe6a317
212 verbose unbuild node_modules/.staging/canvas-30dc253c
213 verbose unbuild node_modules/.staging/chartjs-node-b03c742e
214 silly gentlyRm /Users/cbuonocore/toast/hackathon-api-preorder/node_modules/.staging/nan-3fe6a317 is being purged from base /Users/cbuonocore/toast/hackathon-api-preorder
215 verbose gentlyRm don't care about contents; nuking /Users/cbuonocore/toast/hackathon-api-preorder/node_modules/.staging/nan-3fe6a317
216 silly gentlyRm /Users/cbuonocore/toast/hackathon-api-preorder/node_modules/.staging/canvas-30dc253c is being purged from base /Users/cbuonocore/toast/hackathon-api-preorder
217 verbose gentlyRm don't care about contents; nuking /Users/cbuonocore/toast/hackathon-api-preorder/node_modules/.staging/canvas-30dc253c
218 silly gentlyRm /Users/cbuonocore/toast/hackathon-api-preorder/node_modules/.staging/chartjs-node-b03c742e is being purged from base /Users/cbuonocore/toast/hackathon-api-preorder
219 verbose gentlyRm don't care about contents; nuking /Users/cbuonocore/toast/hackathon-api-preorder/node_modules/.staging/chartjs-node-b03c742e
220 verbose tar unpack /Users/cbuonocore/.npm/nan/2.5.1/package.tgz
221 verbose tar unpacking to /Users/cbuonocore/toast/hackathon-api-preorder/node_modules/.staging/nan-3fe6a317
222 silly gentlyRm /Users/cbuonocore/toast/hackathon-api-preorder/node_modules/.staging/nan-3fe6a317 is being purged
223 verbose gentlyRm don't care about contents; nuking /Users/cbuonocore/toast/hackathon-api-preorder/node_modules/.staging/nan-3fe6a317
224 verbose tar unpack /Users/cbuonocore/.npm/canvas/1.6.4/package.tgz
225 verbose tar unpacking to /Users/cbuonocore/toast/hackathon-api-preorder/node_modules/.staging/canvas-30dc253c
226 silly gentlyRm /Users/cbuonocore/toast/hackathon-api-preorder/node_modules/.staging/canvas-30dc253c is being purged
227 verbose gentlyRm don't care about contents; nuking /Users/cbuonocore/toast/hackathon-api-preorder/node_modules/.staging/canvas-30dc253c
228 verbose tar unpack /Users/cbuonocore/.npm/chartjs-node/1.4.1/package.tgz
229 verbose tar unpacking to /Users/cbuonocore/toast/hackathon-api-preorder/node_modules/.staging/chartjs-node-b03c742e
230 silly gentlyRm /Users/cbuonocore/toast/hackathon-api-preorder/node_modules/.staging/chartjs-node-b03c742e is being purged
231 verbose gentlyRm don't care about contents; nuking /Users/cbuonocore/toast/hackathon-api-preorder/node_modules/.staging/chartjs-node-b03c742e
232 silly gunzTarPerm modes [ '755', '644' ]
233 silly gunzTarPerm modes [ '755', '644' ]
234 silly gunzTarPerm modes [ '755', '644' ]
235 silly gunzTarPerm extractEntry package.json
236 silly gunzTarPerm modified mode [ 'package.json', 436, 420 ]
237 silly gunzTarPerm extractEntry package.json
238 silly gunzTarPerm extractEntry package.json
239 silly gunzTarPerm extractEntry README.md
240 silly gunzTarPerm modified mode [ 'README.md', 436, 420 ]
241 silly gunzTarPerm extractEntry .npmignore
242 silly gunzTarPerm extractEntry index.js
243 silly gunzTarPerm extractEntry .npmignore
244 silly gunzTarPerm extractEntry README.md
245 silly gunzTarPerm extractEntry include_dirs.js
246 silly gunzTarPerm modified mode [ 'include_dirs.js', 436, 420 ]
247 silly gunzTarPerm extractEntry .travis.yml
248 silly gunzTarPerm extractEntry History.md
249 silly gunzTarPerm extractEntry nan_converters.h
250 silly gunzTarPerm modified mode [ 'nan_converters.h', 436, 420 ]
251 silly gunzTarPerm extractEntry CHANGELOG.md
252 silly gunzTarPerm modified mode [ 'CHANGELOG.md', 436, 420 ]
253 silly gunzTarPerm extractEntry LICENSE.md
254 silly gunzTarPerm modified mode [ 'LICENSE.md', 436, 420 ]
255 silly gunzTarPerm extractEntry LICENSE
256 silly gunzTarPerm extractEntry Gruntfile.js
257 silly gunzTarPerm extractEntry doc/node_misc.md
258 silly gunzTarPerm modified mode [ 'doc/node_misc.md', 436, 420 ]
259 silly gunzTarPerm extractEntry Readme.md
260 silly gunzTarPerm extractEntry index.js
261 silly gunzTarPerm extractEntry Dockerfile
262 silly gunzTarPerm extractEntry .travis.yml
263 silly gunzTarPerm extractEntry .drone.yml
264 silly gunzTarPerm extractEntry .istanbul.yml
265 silly gunzTarPerm extractEntry .jscsrc
266 silly gunzTarPerm extractEntry coverage/coverage.raw.json
267 silly gunzTarPerm extractEntry coverage/lcov-report/prettify.js
268 silly gunzTarPerm extractEntry coverage/lcov-report/sorter.js
269 silly gunzTarPerm extractEntry coverage/lcov-report/base.css
270 silly gunzTarPerm extractEntry coverage/lcov-report/index.html
271 silly gunzTarPerm extractEntry coverage/lcov-report/index.js.html
272 silly gunzTarPerm extractEntry coverage/lcov-report/prettify.css
273 silly gunzTarPerm extractEntry coverage/lcov-report/sort-arrow-sprite.png
274 silly gunzTarPerm extractEntry coverage/lcov.info
275 silly gunzTarPerm extractEntry .jshintrc
276 silly gunzTarPerm extractEntry test/index.js
277 silly gunzTarPerm extractEntry doc/asyncworker.md
278 silly gunzTarPerm modified mode [ 'doc/asyncworker.md', 436, 420 ]
279 silly gunzTarPerm extractEntry doc/callback.md
280 silly gunzTarPerm modified mode [ 'doc/callback.md', 436, 420 ]
281 silly gunzTarPerm extractEntry binding.gyp
282 silly gunzTarPerm extractEntry .github/ISSUE_TEMPLATE.md
283 silly gunzTarPerm extractEntry doc/converters.md
284 silly gunzTarPerm modified mode [ 'doc/converters.md', 436, 420 ]
285 silly gunzTarPerm extractEntry doc/errors.md
286 silly gunzTarPerm modified mode [ 'doc/errors.md', 436, 420 ]
287 silly gunzTarPerm extractEntry lib/bindings.js
288 silly gunzTarPerm extractEntry lib/canvas.js
289 silly gunzTarPerm extractEntry lib/context2d.js
290 silly gunzTarPerm extractEntry doc/maybe_types.md
291 silly gunzTarPerm modified mode [ 'doc/maybe_types.md', 436, 420 ]
292 silly gunzTarPerm extractEntry doc/methods.md
293 silly gunzTarPerm modified mode [ 'doc/methods.md', 436, 420 ]
294 silly gunzTarPerm extractEntry doc/new.md
295 silly gunzTarPerm modified mode [ 'doc/new.md', 436, 420 ]
296 silly gunzTarPerm extractEntry lib/image.js
297 silly gunzTarPerm extractEntry doc/buffers.md
298 silly gunzTarPerm modified mode [ 'doc/buffers.md', 436, 420 ]
299 silly gunzTarPerm extractEntry lib/jpegstream.js
300 silly gunzTarPerm extractEntry lib/pdfstream.js
301 silly gunzTarPerm extractEntry doc/object_wrappers.md
302 silly gunzTarPerm modified mode [ 'doc/object_wrappers.md', 436, 420 ]
303 silly gunzTarPerm extractEntry doc/persistent.md
304 silly gunzTarPerm modified mode [ 'doc/persistent.md', 436, 420 ]
305 silly gunzTarPerm extractEntry doc/scopes.md
306 silly gunzTarPerm modified mode [ 'doc/scopes.md', 436, 420 ]
307 silly gunzTarPerm extractEntry lib/pngstream.js
308 silly gunzTarPerm extractEntry src/Image.cc
309 silly gunzTarPerm extractEntry src/Canvas.cc
310 silly gunzTarPerm extractEntry src/CanvasGradient.cc
311 silly gunzTarPerm extractEntry doc/script.md
312 silly gunzTarPerm modified mode [ 'doc/script.md', 436, 420 ]
313 silly gunzTarPerm extractEntry doc/string_bytes.md
314 silly gunzTarPerm modified mode [ 'doc/string_bytes.md', 436, 420 ]
315 silly gunzTarPerm extractEntry doc/v8_internals.md
316 silly gunzTarPerm modified mode [ 'doc/v8_internals.md', 436, 420 ]
317 silly gunzTarPerm extractEntry doc/v8_misc.md
318 silly gunzTarPerm modified mode [ 'doc/v8_misc.md', 436, 420 ]
319 silly gunzTarPerm extractEntry src/CanvasGradient.h
320 silly gunzTarPerm extractEntry src/CanvasPattern.cc
321 silly gunzTarPerm extractEntry nan.h
322 silly gunzTarPerm modified mode [ 'nan.h', 436, 420 ]
323 silly gunzTarPerm extractEntry nan_callbacks.h
324 silly gunzTarPerm modified mode [ 'nan_callbacks.h', 436, 420 ]
325 silly gunzTarPerm extractEntry src/CanvasPattern.h
326 silly gunzTarPerm extractEntry src/CanvasRenderingContext2d.cc
327 silly gunzTarPerm extractEntry nan_callbacks_12_inl.h
328 silly gunzTarPerm modified mode [ 'nan_callbacks_12_inl.h', 436, 420 ]
329 silly gunzTarPerm extractEntry nan_callbacks_pre_12_inl.h
330 silly gunzTarPerm modified mode [ 'nan_callbacks_pre_12_inl.h', 436, 420 ]
331 silly gunzTarPerm extractEntry src/CanvasRenderingContext2d.h
332 silly gunzTarPerm extractEntry src/FontFace.cc
333 silly gunzTarPerm extractEntry nan_converters_43_inl.h
334 silly gunzTarPerm modified mode [ 'nan_converters_43_inl.h', 436, 420 ]
335 silly gunzTarPerm extractEntry nan_converters_pre_43_inl.h
336 silly gunzTarPerm modified mode [ 'nan_converters_pre_43_inl.h', 436, 420 ]
337 silly gunzTarPerm extractEntry nan_implementation_12_inl.h
338 silly gunzTarPerm modified mode [ 'nan_implementation_12_inl.h', 436, 420 ]
339 silly gunzTarPerm extractEntry nan_implementation_pre_12_inl.h
340 silly gunzTarPerm modified mode [ 'nan_implementation_pre_12_inl.h', 436, 420 ]
341 silly gunzTarPerm extractEntry src/FontFace.h
342 silly gunzTarPerm extractEntry src/Canvas.h
343 silly gunzTarPerm extractEntry nan_maybe_43_inl.h
344 silly gunzTarPerm modified mode [ 'nan_maybe_43_inl.h', 436, 420 ]
345 silly gunzTarPerm extractEntry nan_maybe_pre_43_inl.h
346 silly gunzTarPerm modified mode [ 'nan_maybe_pre_43_inl.h', 436, 420 ]
347 silly gunzTarPerm extractEntry nan_new.h
348 silly gunzTarPerm modified mode [ 'nan_new.h', 436, 420 ]
349 silly gunzTarPerm extractEntry nan_object_wrap.h
350 silly gunzTarPerm modified mode [ 'nan_object_wrap.h', 436, 420 ]
351 silly gunzTarPerm extractEntry src/Image.h
352 silly gunzTarPerm extractEntry src/ImageData.cc
353 silly gunzTarPerm extractEntry nan_persistent_12_inl.h
354 silly gunzTarPerm modified mode [ 'nan_persistent_12_inl.h', 436, 420 ]
355 silly gunzTarPerm extractEntry nan_persistent_pre_12_inl.h
356 silly gunzTarPerm modified mode [ 'nan_persistent_pre_12_inl.h', 436, 420 ]
357 silly gunzTarPerm extractEntry src/ImageData.h
358 silly gunzTarPerm extractEntry src/JPEGStream.h
359 silly gunzTarPerm extractEntry nan_private.h
360 silly gunzTarPerm modified mode [ 'nan_private.h', 436, 420 ]
361 silly gunzTarPerm extractEntry nan_string_bytes.h
362 silly gunzTarPerm modified mode [ 'nan_string_bytes.h', 436, 420 ]
363 silly gunzTarPerm extractEntry src/PNG.h
364 silly gunzTarPerm extractEntry src/Point.h
365 silly gunzTarPerm extractEntry nan_typedarray_contents.h
366 silly gunzTarPerm modified mode [ 'nan_typedarray_contents.h', 436, 420 ]
367 silly gunzTarPerm extractEntry nan_weak.h
368 silly gunzTarPerm modified mode [ 'nan_weak.h', 436, 420 ]
369 silly gunzTarPerm extractEntry src/closure.h
370 silly gunzTarPerm extractEntry src/color.cc
371 silly gunzTarPerm extractEntry src/color.h
372 silly gunzTarPerm extractEntry src/init.cc
373 silly gunzTarPerm extractEntry tools/package.json
374 silly gunzTarPerm modified mode [ 'tools/package.json', 436, 420 ]
375 silly gunzTarPerm extractEntry tools/README.md
376 silly gunzTarPerm modified mode [ 'tools/README.md', 436, 420 ]
377 silly gunzTarPerm extractEntry util/has_lib.sh
378 silly gunzTarPerm extractEntry tools/1to2.js
379 silly gunzTarPerm modified mode [ 'tools/1to2.js', 509, 493 ]
380 silly gentlyRm /Users/cbuonocore/toast/hackathon-api-preorder/node_modules/.staging/chartjs-node-b03c742e/node_modules is being purged
381 verbose gentlyRm don't care about contents; nuking /Users/cbuonocore/toast/hackathon-api-preorder/node_modules/.staging/chartjs-node-b03c742e/node_modules
382 silly gentlyRm /Users/cbuonocore/toast/hackathon-api-preorder/node_modules/.staging/canvas-30dc253c/node_modules is being purged
383 verbose gentlyRm don't care about contents; nuking /Users/cbuonocore/toast/hackathon-api-preorder/node_modules/.staging/canvas-30dc253c/node_modules
384 silly gentlyRm /Users/cbuonocore/toast/hackathon-api-preorder/node_modules/.staging/nan-3fe6a317/node_modules is being purged
385 verbose gentlyRm don't care about contents; nuking /Users/cbuonocore/toast/hackathon-api-preorder/node_modules/.staging/nan-3fe6a317/node_modules
386 silly doParallel preinstall 3
387 silly preinstall nan@2.5.1
388 info lifecycle nan@2.5.1~preinstall: nan@2.5.1
389 silly preinstall canvas@1.6.4
390 info lifecycle canvas@1.6.4~preinstall: canvas@1.6.4
391 silly preinstall chartjs-node@1.4.1
392 info lifecycle chartjs-node@1.4.1~preinstall: chartjs-node@1.4.1
393 silly lifecycle nan@2.5.1~preinstall: no script for preinstall, continuing
394 silly lifecycle canvas@1.6.4~preinstall: no script for preinstall, continuing
395 silly lifecycle chartjs-node@1.4.1~preinstall: no script for preinstall, continuing
396 silly doReverseSerial remove 0
397 silly doSerial move 0
398 silly doSerial finalize 3
399 silly finalize /Users/cbuonocore/toast/hackathon-api-preorder/node_modules/nan
400 silly finalize /Users/cbuonocore/toast/hackathon-api-preorder/node_modules/canvas
401 silly finalize /Users/cbuonocore/toast/hackathon-api-preorder/node_modules/chartjs-node
402 silly doSerial build 3
403 silly build nan@2.5.1
404 info linkStuff nan@2.5.1
405 silly linkStuff nan@2.5.1 has /Users/cbuonocore/toast/hackathon-api-preorder/node_modules as its parent node_modules
406 verbose linkBins nan@2.5.1
407 verbose linkMans nan@2.5.1
408 silly build canvas@1.6.4
409 info linkStuff canvas@1.6.4
410 silly linkStuff canvas@1.6.4 has /Users/cbuonocore/toast/hackathon-api-preorder/node_modules as its parent node_modules
411 verbose linkBins canvas@1.6.4
412 verbose linkMans canvas@1.6.4
413 silly build chartjs-node@1.4.1
414 info linkStuff chartjs-node@1.4.1
415 silly linkStuff chartjs-node@1.4.1 has /Users/cbuonocore/toast/hackathon-api-preorder/node_modules as its parent node_modules
416 verbose linkBins chartjs-node@1.4.1
417 verbose linkMans chartjs-node@1.4.1
418 silly doSerial global-link 0
419 silly doParallel update-linked 0
420 silly doSerial install 3
421 silly install nan@2.5.1
422 info lifecycle nan@2.5.1~install: nan@2.5.1
423 silly lifecycle nan@2.5.1~install: no script for install, continuing
424 silly install canvas@1.6.4
425 info lifecycle canvas@1.6.4~install: canvas@1.6.4
426 verbose lifecycle canvas@1.6.4~install: unsafe-perm in lifecycle true
427 verbose lifecycle canvas@1.6.4~install: PATH: /usr/local/lib/node_modules/npm/bin/node-gyp-bin:/Users/cbuonocore/toast/hackathon-api-preorder/node_modules/canvas/node_modules/.bin:/Users/cbuonocore/toast/hackathon-api-preorder/node_modules/.bin:/usr/local/bin:/usr/bin:/bin:/usr/sbin:/sbin:/Users/cbuonocore/Toast/git-repos/play1:/Users/cbuonocore/Library/Android/sdk/tools:/Users/cbuonocore/Library/Android/sdk/platform-tools:/Users/cbuonocore/Toast/git-repos/play1:/Users/cbuonocore/Library/Android/sdk/tools:/Users/cbuonocore/Library/Android/sdk/platform-tools
428 verbose lifecycle canvas@1.6.4~install: CWD: /Users/cbuonocore/toast/hackathon-api-preorder/node_modules/canvas
429 silly lifecycle canvas@1.6.4~install: Args: [ '-c', 'node-gyp rebuild' ]
430 silly lifecycle canvas@1.6.4~install: Returned: code: 1  signal: null
431 info lifecycle canvas@1.6.4~install: Failed to exec install script
432 verbose unlock done using /Users/cbuonocore/.npm/_locks/staging-eaa22957c0501d4b.lock for /Users/cbuonocore/toast/hackathon-api-preorder/node_modules/.staging
433 silly rollbackFailedOptional Starting
434 silly gentlyRm /Users/cbuonocore/toast/hackathon-api-preorder/node_modules/nan is being purged from base /Users/cbuonocore/toast/hackathon-api-preorder
435 verbose gentlyRm don't care about contents; nuking /Users/cbuonocore/toast/hackathon-api-preorder/node_modules/nan
436 silly gentlyRm /Users/cbuonocore/toast/hackathon-api-preorder/node_modules/nan is being purged from base /Users/cbuonocore/toast/hackathon-api-preorder
437 verbose gentlyRm don't care about contents; nuking /Users/cbuonocore/toast/hackathon-api-preorder/node_modules/nan
438 silly gentlyRm /Users/cbuonocore/toast/hackathon-api-preorder/node_modules/nan is being purged from base /Users/cbuonocore/toast/hackathon-api-preorder
439 verbose gentlyRm don't care about contents; nuking /Users/cbuonocore/toast/hackathon-api-preorder/node_modules/nan
440 silly gentlyRm /Users/cbuonocore/toast/hackathon-api-preorder/node_modules/nan is being purged from base /Users/cbuonocore/toast/hackathon-api-preorder
441 verbose gentlyRm don't care about contents; nuking /Users/cbuonocore/toast/hackathon-api-preorder/node_modules/nan
442 silly gentlyRm /Users/cbuonocore/toast/hackathon-api-preorder/node_modules/nan is being purged from base /Users/cbuonocore/toast/hackathon-api-preorder
443 verbose gentlyRm don't care about contents; nuking /Users/cbuonocore/toast/hackathon-api-preorder/node_modules/nan
444 silly gentlyRm /Users/cbuonocore/toast/hackathon-api-preorder/node_modules/nan is being purged from base /Users/cbuonocore/toast/hackathon-api-preorder
445 verbose gentlyRm don't care about contents; nuking /Users/cbuonocore/toast/hackathon-api-preorder/node_modules/nan
446 silly gentlyRm /Users/cbuonocore/toast/hackathon-api-preorder/node_modules/nan is being purged from base /Users/cbuonocore/toast/hackathon-api-preorder
447 verbose gentlyRm don't care about contents; nuking /Users/cbuonocore/toast/hackathon-api-preorder/node_modules/nan
448 silly gentlyRm /Users/cbuonocore/toast/hackathon-api-preorder/node_modules/nan is being purged from base /Users/cbuonocore/toast/hackathon-api-preorder
449 verbose gentlyRm don't care about contents; nuking /Users/cbuonocore/toast/hackathon-api-preorder/node_modules/nan
450 silly gentlyRm /Users/cbuonocore/toast/hackathon-api-preorder/node_modules/canvas is being purged from base /Users/cbuonocore/toast/hackathon-api-preorder
451 verbose gentlyRm don't care about contents; nuking /Users/cbuonocore/toast/hackathon-api-preorder/node_modules/canvas
452 silly gentlyRm /Users/cbuonocore/toast/hackathon-api-preorder/node_modules/canvas is being purged from base /Users/cbuonocore/toast/hackathon-api-preorder
453 verbose gentlyRm don't care about contents; nuking /Users/cbuonocore/toast/hackathon-api-preorder/node_modules/canvas
454 silly gentlyRm /Users/cbuonocore/toast/hackathon-api-preorder/node_modules/canvas is being purged from base /Users/cbuonocore/toast/hackathon-api-preorder
455 verbose gentlyRm don't care about contents; nuking /Users/cbuonocore/toast/hackathon-api-preorder/node_modules/canvas
456 silly gentlyRm /Users/cbuonocore/toast/hackathon-api-preorder/node_modules/canvas is being purged from base /Users/cbuonocore/toast/hackathon-api-preorder
457 verbose gentlyRm don't care about contents; nuking /Users/cbuonocore/toast/hackathon-api-preorder/node_modules/canvas
458 silly gentlyRm /Users/cbuonocore/toast/hackathon-api-preorder/node_modules/canvas is being purged from base /Users/cbuonocore/toast/hackathon-api-preorder
459 verbose gentlyRm don't care about contents; nuking /Users/cbuonocore/toast/hackathon-api-preorder/node_modules/canvas
460 silly gentlyRm /Users/cbuonocore/toast/hackathon-api-preorder/node_modules/canvas is being purged from base /Users/cbuonocore/toast/hackathon-api-preorder
461 verbose gentlyRm don't care about contents; nuking /Users/cbuonocore/toast/hackathon-api-preorder/node_modules/canvas
462 silly gentlyRm /Users/cbuonocore/toast/hackathon-api-preorder/node_modules/canvas is being purged from base /Users/cbuonocore/toast/hackathon-api-preorder
463 verbose gentlyRm don't care about contents; nuking /Users/cbuonocore/toast/hackathon-api-preorder/node_modules/canvas
464 silly gentlyRm /Users/cbuonocore/toast/hackathon-api-preorder/node_modules/canvas is being purged from base /Users/cbuonocore/toast/hackathon-api-preorder
465 verbose gentlyRm don't care about contents; nuking /Users/cbuonocore/toast/hackathon-api-preorder/node_modules/canvas
466 silly gentlyRm /Users/cbuonocore/toast/hackathon-api-preorder/node_modules/chartjs-node is being purged from base /Users/cbuonocore/toast/hackathon-api-preorder
467 verbose gentlyRm don't care about contents; nuking /Users/cbuonocore/toast/hackathon-api-preorder/node_modules/chartjs-node
468 silly gentlyRm /Users/cbuonocore/toast/hackathon-api-preorder/node_modules/chartjs-node is being purged from base /Users/cbuonocore/toast/hackathon-api-preorder
469 verbose gentlyRm don't care about contents; nuking /Users/cbuonocore/toast/hackathon-api-preorder/node_modules/chartjs-node
470 silly gentlyRm /Users/cbuonocore/toast/hackathon-api-preorder/node_modules/chartjs-node is being purged from base /Users/cbuonocore/toast/hackathon-api-preorder
471 verbose gentlyRm don't care about contents; nuking /Users/cbuonocore/toast/hackathon-api-preorder/node_modules/chartjs-node
472 silly gentlyRm /Users/cbuonocore/toast/hackathon-api-preorder/node_modules/chartjs-node is being purged from base /Users/cbuonocore/toast/hackathon-api-preorder
473 verbose gentlyRm don't care about contents; nuking /Users/cbuonocore/toast/hackathon-api-preorder/node_modules/chartjs-node
474 silly gentlyRm /Users/cbuonocore/toast/hackathon-api-preorder/node_modules/chartjs-node is being purged from base /Users/cbuonocore/toast/hackathon-api-preorder
475 verbose gentlyRm don't care about contents; nuking /Users/cbuonocore/toast/hackathon-api-preorder/node_modules/chartjs-node
476 silly gentlyRm /Users/cbuonocore/toast/hackathon-api-preorder/node_modules/chartjs-node is being purged from base /Users/cbuonocore/toast/hackathon-api-preorder
477 verbose gentlyRm don't care about contents; nuking /Users/cbuonocore/toast/hackathon-api-preorder/node_modules/chartjs-node
478 silly gentlyRm /Users/cbuonocore/toast/hackathon-api-preorder/node_modules/chartjs-node is being purged from base /Users/cbuonocore/toast/hackathon-api-preorder
479 verbose gentlyRm don't care about contents; nuking /Users/cbuonocore/toast/hackathon-api-preorder/node_modules/chartjs-node
480 silly gentlyRm /Users/cbuonocore/toast/hackathon-api-preorder/node_modules/chartjs-node is being purged from base /Users/cbuonocore/toast/hackathon-api-preorder
481 verbose gentlyRm don't care about contents; nuking /Users/cbuonocore/toast/hackathon-api-preorder/node_modules/chartjs-node
482 silly vacuum-fs purging /Users/cbuonocore/toast/hackathon-api-preorder/node_modules/nan
483 silly vacuum-fs purging /Users/cbuonocore/toast/hackathon-api-preorder/node_modules/nan
484 silly vacuum-fs purging /Users/cbuonocore/toast/hackathon-api-preorder/node_modules/nan
485 silly vacuum-fs purging /Users/cbuonocore/toast/hackathon-api-preorder/node_modules/nan
486 silly vacuum-fs purging /Users/cbuonocore/toast/hackathon-api-preorder/node_modules/nan
487 silly vacuum-fs purging /Users/cbuonocore/toast/hackathon-api-preorder/node_modules/nan
488 silly vacuum-fs purging /Users/cbuonocore/toast/hackathon-api-preorder/node_modules/nan
489 silly vacuum-fs purging /Users/cbuonocore/toast/hackathon-api-preorder/node_modules/nan
490 silly vacuum-fs purging /Users/cbuonocore/toast/hackathon-api-preorder/node_modules/canvas
491 silly vacuum-fs purging /Users/cbuonocore/toast/hackathon-api-preorder/node_modules/canvas
492 silly vacuum-fs purging /Users/cbuonocore/toast/hackathon-api-preorder/node_modules/canvas
493 silly vacuum-fs purging /Users/cbuonocore/toast/hackathon-api-preorder/node_modules/canvas
494 silly vacuum-fs purging /Users/cbuonocore/toast/hackathon-api-preorder/node_modules/canvas
495 silly vacuum-fs purging /Users/cbuonocore/toast/hackathon-api-preorder/node_modules/canvas
496 silly vacuum-fs purging /Users/cbuonocore/toast/hackathon-api-preorder/node_modules/canvas
497 silly vacuum-fs purging /Users/cbuonocore/toast/hackathon-api-preorder/node_modules/canvas
498 silly vacuum-fs purging /Users/cbuonocore/toast/hackathon-api-preorder/node_modules/chartjs-node
499 silly vacuum-fs purging /Users/cbuonocore/toast/hackathon-api-preorder/node_modules/chartjs-node
500 silly vacuum-fs purging /Users/cbuonocore/toast/hackathon-api-preorder/node_modules/chartjs-node
501 silly vacuum-fs purging /Users/cbuonocore/toast/hackathon-api-preorder/node_modules/chartjs-node
502 silly vacuum-fs purging /Users/cbuonocore/toast/hackathon-api-preorder/node_modules/chartjs-node
503 silly vacuum-fs purging /Users/cbuonocore/toast/hackathon-api-preorder/node_modules/chartjs-node
504 silly vacuum-fs purging /Users/cbuonocore/toast/hackathon-api-preorder/node_modules/chartjs-node
505 silly vacuum-fs purging /Users/cbuonocore/toast/hackathon-api-preorder/node_modules/chartjs-node
506 silly vacuum-fs quitting because other entries in /Users/cbuonocore/toast/hackathon-api-preorder/node_modules
507 silly vacuum-fs quitting because other entries in /Users/cbuonocore/toast/hackathon-api-preorder/node_modules
508 silly vacuum-fs quitting because other entries in /Users/cbuonocore/toast/hackathon-api-preorder/node_modules
509 silly vacuum-fs quitting because other entries in /Users/cbuonocore/toast/hackathon-api-preorder/node_modules
510 silly vacuum-fs quitting because other entries in /Users/cbuonocore/toast/hackathon-api-preorder/node_modules
511 silly vacuum-fs quitting because other entries in /Users/cbuonocore/toast/hackathon-api-preorder/node_modules
512 silly vacuum-fs quitting because other entries in /Users/cbuonocore/toast/hackathon-api-preorder/node_modules
513 silly vacuum-fs quitting because other entries in /Users/cbuonocore/toast/hackathon-api-preorder/node_modules
514 silly vacuum-fs quitting because other entries in /Users/cbuonocore/toast/hackathon-api-preorder/node_modules
515 silly vacuum-fs quitting because other entries in /Users/cbuonocore/toast/hackathon-api-preorder/node_modules
516 silly vacuum-fs quitting because other entries in /Users/cbuonocore/toast/hackathon-api-preorder/node_modules
517 silly vacuum-fs quitting because other entries in /Users/cbuonocore/toast/hackathon-api-preorder/node_modules
518 silly vacuum-fs quitting because other entries in /Users/cbuonocore/toast/hackathon-api-preorder/node_modules
519 silly vacuum-fs quitting because other entries in /Users/cbuonocore/toast/hackathon-api-preorder/node_modules
520 silly vacuum-fs quitting because other entries in /Users/cbuonocore/toast/hackathon-api-preorder/node_modules
521 silly vacuum-fs quitting because other entries in /Users/cbuonocore/toast/hackathon-api-preorder/node_modules
522 silly vacuum-fs quitting because other entries in /Users/cbuonocore/toast/hackathon-api-preorder/node_modules
523 silly vacuum-fs quitting because other entries in /Users/cbuonocore/toast/hackathon-api-preorder/node_modules
524 silly vacuum-fs quitting because other entries in /Users/cbuonocore/toast/hackathon-api-preorder/node_modules
525 silly vacuum-fs quitting because other entries in /Users/cbuonocore/toast/hackathon-api-preorder/node_modules
526 silly vacuum-fs quitting because other entries in /Users/cbuonocore/toast/hackathon-api-preorder/node_modules
527 silly vacuum-fs quitting because other entries in /Users/cbuonocore/toast/hackathon-api-preorder/node_modules
528 silly vacuum-fs quitting because other entries in /Users/cbuonocore/toast/hackathon-api-preorder/node_modules
529 silly vacuum-fs quitting because other entries in /Users/cbuonocore/toast/hackathon-api-preorder/node_modules
530 silly rollbackFailedOptional Finishing
531 silly runTopLevelLifecycles Finishing
532 silly install printInstalled
533 warn chartjs-node@1.4.1 requires a peer of chart.js@<=2.5.* but none was installed.
534 verbose If you need help, you may report this error at:
534 verbose     <https://github.com/npm/npm/issues>
535 warn toast-hack-1@1.0.0 No repository field.
536 verbose If you need help, you may report this error at:
536 verbose     <https://github.com/npm/npm/issues>
537 verbose stack Error: canvas@1.6.4 install: `node-gyp rebuild`
537 verbose stack Exit status 1
537 verbose stack     at EventEmitter.<anonymous> (/usr/local/lib/node_modules/npm/lib/utils/lifecycle.js:279:16)
537 verbose stack     at emitTwo (events.js:106:13)
537 verbose stack     at EventEmitter.emit (events.js:194:7)
537 verbose stack     at ChildProcess.<anonymous> (/usr/local/lib/node_modules/npm/lib/utils/spawn.js:40:14)
537 verbose stack     at emitTwo (events.js:106:13)
537 verbose stack     at ChildProcess.emit (events.js:194:7)
537 verbose stack     at maybeClose (internal/child_process.js:899:16)
537 verbose stack     at Process.ChildProcess._handle.onexit (internal/child_process.js:226:5)
538 verbose pkgid canvas@1.6.4
539 verbose cwd /Users/cbuonocore/toast/hackathon-api-preorder
540 error Darwin 15.6.0
541 error argv "/usr/local/Cellar/node/7.7.1_1/bin/node" "/usr/local/bin/npm" "install" "--save" "chartjs-node" "--save"
542 error node v7.7.1
543 error npm  v4.1.2
544 error code ELIFECYCLE
545 error canvas@1.6.4 install: `node-gyp rebuild`
545 error Exit status 1
546 error Failed at the canvas@1.6.4 install script 'node-gyp rebuild'.
546 error Make sure you have the latest version of node.js and npm installed.
546 error If you do, this is most likely a problem with the canvas package,
546 error not with npm itself.
546 error Tell the author that this fails on your system:
546 error     node-gyp rebuild
546 error You can get information on how to open an issue for this project with:
546 error     npm bugs canvas
546 error Or if that isn't available, you can get their info via:
546 error     npm owner ls canvas
546 error There is likely additional logging output above.
547 verbose exit [ 1, true ]
